This is pdfTeX, Version 3.141592653-2.6-1.40.26 (TeX Live 2024) (preloaded format=pdflatex 2024.9.4)  16 SEP 2024 14:08
entering extended mode
 restricted \write18 enabled.
 file:line:error style messages enabled.
 %&-line parsing enabled.
**/Users/b407404/Desktop/Misc/MSAI/Optimization/hw2/latex/hw02_handout.tex
(/Users/b407404/Desktop/Misc/MSAI/Optimization/hw2/latex/hw02_handout.tex
LaTeX2e <2024-06-01> patch level 2
L3 programming layer <2024-08-16>
(/usr/local/texlive/2024basic/texmf-dist/tex/latex/base/article.cls
Document Class: article 2024/02/08 v1.4n Standard LaTeX document class
(/usr/local/texlive/2024basic/texmf-dist/tex/latex/base/size10.clo
File: size10.clo 2024/02/08 v1.4n Standard LaTeX file (size option)
)
\c@part=\count194
\c@section=\count195
\c@subsection=\count196
\c@subsubsection=\count197
\c@paragraph=\count198
\c@subparagraph=\count199
\c@figure=\count266
\c@table=\count267
\abovecaptionskip=\skip49
\belowcaptionskip=\skip50
\bibindent=\dimen141
) (/usr/local/texlive/2024basic/texmf-dist/tex/latex/amsmath/amsmath.sty
Package: amsmath 2024/05/23 v2.17q AMS math features
\@mathmargin=\skip51

For additional information on amsmath, use the `?' option.
(/usr/local/texlive/2024basic/texmf-dist/tex/latex/amsmath/amstext.sty
Package: amstext 2021/08/26 v2.01 AMS text
 (/usr/local/texlive/2024basic/texmf-dist/tex/latex/amsmath/amsgen.sty
File: amsgen.sty 1999/11/30 v2.0 generic functions
\@emptytoks=\toks17
\ex@=\dimen142
)) (/usr/local/texlive/2024basic/texmf-dist/tex/latex/amsmath/amsbsy.sty
Package: amsbsy 1999/11/29 v1.2d Bold Symbols
\pmbraise@=\dimen143
) (/usr/local/texlive/2024basic/texmf-dist/tex/latex/amsmath/amsopn.sty
Package: amsopn 2022/04/08 v2.04 operator names
)
\inf@bad=\count268
LaTeX Info: Redefining \frac on input line 233.
\uproot@=\count269
\leftroot@=\count270
LaTeX Info: Redefining \overline on input line 398.
LaTeX Info: Redefining \colon on input line 409.
\classnum@=\count271
\DOTSCASE@=\count272
LaTeX Info: Redefining \ldots on input line 495.
LaTeX Info: Redefining \dots on input line 498.
LaTeX Info: Redefining \cdots on input line 619.
\Mathstrutbox@=\box52
\strutbox@=\box53
LaTeX Info: Redefining \big on input line 721.
LaTeX Info: Redefining \Big on input line 722.
LaTeX Info: Redefining \bigg on input line 723.
LaTeX Info: Redefining \Bigg on input line 724.
\big@size=\dimen144
LaTeX Font Info:    Redeclaring font encoding OML on input line 742.
LaTeX Font Info:    Redeclaring font encoding OMS on input line 743.
\macc@depth=\count273
LaTeX Info: Redefining \bmod on input line 904.
LaTeX Info: Redefining \pmod on input line 909.
LaTeX Info: Redefining \smash on input line 939.
LaTeX Info: Redefining \relbar on input line 969.
LaTeX Info: Redefining \Relbar on input line 970.
\c@MaxMatrixCols=\count274
\dotsspace@=\muskip17
\c@parentequation=\count275
\dspbrk@lvl=\count276
\tag@help=\toks18
\row@=\count277
\column@=\count278
\maxfields@=\count279
\andhelp@=\toks19
\eqnshift@=\dimen145
\alignsep@=\dimen146
\tagshift@=\dimen147
\tagwidth@=\dimen148
\totwidth@=\dimen149
\lineht@=\dimen150
\@envbody=\toks20
\multlinegap=\skip52
\multlinetaggap=\skip53
\mathdisplay@stack=\toks21
LaTeX Info: Redefining \[ on input line 2953.
LaTeX Info: Redefining \] on input line 2954.
) (/usr/local/texlive/2024basic/texmf-dist/tex/latex/amsfonts/amssymb.sty
Package: amssymb 2013/01/14 v3.01 AMS font symbols
 (/usr/local/texlive/2024basic/texmf-dist/tex/latex/amsfonts/amsfonts.sty
Package: amsfonts 2013/01/14 v3.01 Basic AMSFonts support
\symAMSa=\mathgroup4
\symAMSb=\mathgroup5
LaTeX Font Info:    Redeclaring math symbol \hbar on input line 98.
LaTeX Font Info:    Overwriting math alphabet `\mathfrak' in version `bold'
(Font)                  U/euf/m/n --> U/euf/b/n on input line 106.
)) (/usr/local/texlive/2024basic/texmf-dist/tex/latex/l3backend/l3backend-pdftex.def
File: l3backend-pdftex.def 2024-05-08 L3 backend support: PDF output (pdfTeX)
\l__color_backend_stack_int=\count280
\l__pdf_internal_box=\box54
) (./hw02_handout.aux)
\openout1 = `hw02_handout.aux'.

LaTeX Font Info:    Checking defaults for OML/cmm/m/it on input line 8.
LaTeX Font Info:    ... okay on input line 8.
LaTeX Font Info:    Checking defaults for OMS/cmsy/m/n on input line 8.
LaTeX Font Info:    ... okay on input line 8.
LaTeX Font Info:    Checking defaults for OT1/cmr/m/n on input line 8.
LaTeX Font Info:    ... okay on input line 8.
LaTeX Font Info:    Checking defaults for T1/cmr/m/n on input line 8.
LaTeX Font Info:    ... okay on input line 8.
LaTeX Font Info:    Checking defaults for TS1/cmr/m/n on input line 8.
LaTeX Font Info:    ... okay on input line 8.
LaTeX Font Info:    Checking defaults for OMX/cmex/m/n on input line 8.
LaTeX Font Info:    ... okay on input line 8.
LaTeX Font Info:    Checking defaults for U/cmr/m/n on input line 8.
LaTeX Font Info:    ... okay on input line 8.
LaTeX Font Info:    Trying to load font information for U+msa on input line 10.
 (/usr/local/texlive/2024basic/texmf-dist/tex/latex/amsfonts/umsa.fd
File: umsa.fd 2013/01/14 v3.01 AMS symbols A
)
LaTeX Font Info:    Trying to load font information for U+msb on input line 10.
 (/usr/local/texlive/2024basic/texmf-dist/tex/latex/amsfonts/umsb.fd
File: umsb.fd 2013/01/14 v3.01 AMS symbols B
)

LaTeX Warning: `h' float specifier changed to `ht'.


LaTeX Warning: `h' float specifier changed to `ht'.



[1

{/usr/local/texlive/2024basic/texmf-var/fonts/map/pdftex/updmap/pdftex.map}]

/Users/b407404/Desktop/Misc/MSAI/Optimization/hw2/latex/hw02_handout.tex:65: LaTeX Error: Something's wrong--perhaps a missing \item.

See the LaTeX manual or LaTeX Companion for explanation.
Type  H <return>  for immediate help.
 ...                                              
                                                  
l.65 \item D
            raw the feasible set.
Try typing  <return>  to proceed.
If that doesn't work, type  X <return>  to quit.


/Users/b407404/Desktop/Misc/MSAI/Optimization/hw2/latex/hw02_handout.tex:65: LaTeX Error: Something's wrong--perhaps a missing \item.

See the LaTeX manual or LaTeX Companion for explanation.
Type  H <return>  for immediate help.
 ...                                              
                                                  
l.65 \item D
            raw the feasible set.
Try typing  <return>  to proceed.
If that doesn't work, type  X <return>  to quit.


/Users/b407404/Desktop/Misc/MSAI/Optimization/hw2/latex/hw02_handout.tex:65: LaTeX Error: Something's wrong--perhaps a missing \item.

See the LaTeX manual or LaTeX Companion for explanation.
Type  H <return>  for immediate help.
 ...                                              
                                                  
l.65 \item D
            raw the feasible set.
Try typing  <return>  to proceed.
If that doesn't work, type  X <return>  to quit.


/Users/b407404/Desktop/Misc/MSAI/Optimization/hw2/latex/hw02_handout.tex:66: LaTeX Error: Something's wrong--perhaps a missing \item.

See the LaTeX manual or LaTeX Companion for explanation.
Type  H <return>  for immediate help.
 ...                                              
                                                  
l.66 \item C
            ompute explicitly all extreme points. Which is the optimal one?
Try typing  <return>  to proceed.
If that doesn't work, type  X <return>  to quit.


/Users/b407404/Desktop/Misc/MSAI/Optimization/hw2/latex/hw02_handout.tex:66: LaTeX Error: Something's wrong--perhaps a missing \item.

See the LaTeX manual or LaTeX Companion for explanation.
Type  H <return>  for immediate help.
 ...                                              
                                                  
l.66 \item C
            ompute explicitly all extreme points. Which is the optimal one?
Try typing  <return>  to proceed.
If that doesn't work, type  X <return>  to quit.


/Users/b407404/Desktop/Misc/MSAI/Optimization/hw2/latex/hw02_handout.tex:66: LaTeX Error: Something's wrong--perhaps a missing \item.

See the LaTeX manual or LaTeX Companion for explanation.
Type  H <return>  for immediate help.
 ...                                              
                                                  
l.66 \item C
            ompute explicitly all extreme points. Which is the optimal one?
Try typing  <return>  to proceed.
If that doesn't work, type  X <return>  to quit.


/Users/b407404/Desktop/Misc/MSAI/Optimization/hw2/latex/hw02_handout.tex:67: LaTeX Error: Something's wrong--perhaps a missing \item.

See the LaTeX manual or LaTeX Companion for explanation.
Type  H <return>  for immediate help.
 ...                                              
                                                  
l.67 \item N
            ow use the level set method to find the optimal solution. That i...
Try typing  <return>  to proceed.
If that doesn't work, type  X <return>  to quit.


/Users/b407404/Desktop/Misc/MSAI/Optimization/hw2/latex/hw02_handout.tex:67: LaTeX Error: Something's wrong--perhaps a missing \item.

See the LaTeX manual or LaTeX Companion for explanation.
Type  H <return>  for immediate help.
 ...                                              
                                                  
l.67 \item N
            ow use the level set method to find the optimal solution. That i...
Try typing  <return>  to proceed.
If that doesn't work, type  X <return>  to quit.


/Users/b407404/Desktop/Misc/MSAI/Optimization/hw2/latex/hw02_handout.tex:67: LaTeX Error: Something's wrong--perhaps a missing \item.

See the LaTeX manual or LaTeX Companion for explanation.
Type  H <return>  for immediate help.
 ...                                              
                                                  
l.67 \item N
            ow use the level set method to find the optimal solution. That i...
Try typing  <return>  to proceed.
If that doesn't work, type  X <return>  to quit.


/Users/b407404/Desktop/Misc/MSAI/Optimization/hw2/latex/hw02_handout.tex:68: LaTeX Error: Something's wrong--perhaps a missing \item.

See the LaTeX manual or LaTeX Companion for explanation.
Type  H <return>  for immediate help.
 ...                                              
                                                  
l.68 \end{enumerate}
                    
Try typing  <return>  to proceed.
If that doesn't work, type  X <return>  to quit.


/Users/b407404/Desktop/Misc/MSAI/Optimization/hw2/latex/hw02_handout.tex:73: LaTeX Error: Something's wrong--perhaps a missing \item.

See the LaTeX manual or LaTeX Companion for explanation.
Type  H <return>  for immediate help.
 ...                                              
                                                  
l.73 \item m
            inimize $\|Ax - b\|_1$ subject to $\|x\|_\infty \leq 1$.
Try typing  <return>  to proceed.
If that doesn't work, type  X <return>  to quit.


/Users/b407404/Desktop/Misc/MSAI/Optimization/hw2/latex/hw02_handout.tex:73: LaTeX Error: Something's wrong--perhaps a missing \item.

See the LaTeX manual or LaTeX Companion for explanation.
Type  H <return>  for immediate help.
 ...                                              
                                                  
l.73 \item m
            inimize $\|Ax - b\|_1$ subject to $\|x\|_\infty \leq 1$.
Try typing  <return>  to proceed.
If that doesn't work, type  X <return>  to quit.


/Users/b407404/Desktop/Misc/MSAI/Optimization/hw2/latex/hw02_handout.tex:73: LaTeX Error: Something's wrong--perhaps a missing \item.

See the LaTeX manual or LaTeX Companion for explanation.
Type  H <return>  for immediate help.
 ...                                              
                                                  
l.73 \item m
            inimize $\|Ax - b\|_1$ subject to $\|x\|_\infty \leq 1$.
Try typing  <return>  to proceed.
If that doesn't work, type  X <return>  to quit.


/Users/b407404/Desktop/Misc/MSAI/Optimization/hw2/latex/hw02_handout.tex:74: LaTeX Error: Something's wrong--perhaps a missing \item.

See the LaTeX manual or LaTeX Companion for explanation.
Type  H <return>  for immediate help.
 ...                                              
                                                  
l.74 \item m
            inimize $\|x\|_1$ subject to $\|Ax - b\|_\infty \leq 1$.
Try typing  <return>  to proceed.
If that doesn't work, type  X <return>  to quit.


/Users/b407404/Desktop/Misc/MSAI/Optimization/hw2/latex/hw02_handout.tex:74: LaTeX Error: Something's wrong--perhaps a missing \item.

See the LaTeX manual or LaTeX Companion for explanation.
Type  H <return>  for immediate help.
 ...                                              
                                                  
l.74 \item m
            inimize $\|x\|_1$ subject to $\|Ax - b\|_\infty \leq 1$.
Try typing  <return>  to proceed.
If that doesn't work, type  X <return>  to quit.


/Users/b407404/Desktop/Misc/MSAI/Optimization/hw2/latex/hw02_handout.tex:74: LaTeX Error: Something's wrong--perhaps a missing \item.

See the LaTeX manual or LaTeX Companion for explanation.
Type  H <return>  for immediate help.
 ...                                              
                                                  
l.74 \item m
            inimize $\|x\|_1$ subject to $\|Ax - b\|_\infty \leq 1$.
Try typing  <return>  to proceed.
If that doesn't work, type  X <return>  to quit.


/Users/b407404/Desktop/Misc/MSAI/Optimization/hw2/latex/hw02_handout.tex:75: LaTeX Error: Something's wrong--perhaps a missing \item.

See the LaTeX manual or LaTeX Companion for explanation.
Type  H <return>  for immediate help.
 ...                                              
                                                  
l.75 \item m
            inimize $\|Ax - b\|_1 + \|x\|_\infty$.
Try typing  <return>  to proceed.
If that doesn't work, type  X <return>  to quit.


/Users/b407404/Desktop/Misc/MSAI/Optimization/hw2/latex/hw02_handout.tex:75: LaTeX Error: Something's wrong--perhaps a missing \item.

See the LaTeX manual or LaTeX Companion for explanation.
Type  H <return>  for immediate help.
 ...                                              
                                                  
l.75 \item m
            inimize $\|Ax - b\|_1 + \|x\|_\infty$.
Try typing  <return>  to proceed.
If that doesn't work, type  X <return>  to quit.


/Users/b407404/Desktop/Misc/MSAI/Optimization/hw2/latex/hw02_handout.tex:75: LaTeX Error: Something's wrong--perhaps a missing \item.

See the LaTeX manual or LaTeX Companion for explanation.
Type  H <return>  for immediate help.
 ...                                              
                                                  
l.75 \item m
            inimize $\|Ax - b\|_1 + \|x\|_\infty$.
Try typing  <return>  to proceed.
If that doesn't work, type  X <return>  to quit.


/Users/b407404/Desktop/Misc/MSAI/Optimization/hw2/latex/hw02_handout.tex:76: LaTeX Error: Something's wrong--perhaps a missing \item.

See the LaTeX manual or LaTeX Companion for explanation.
Type  H <return>  for immediate help.
 ...                                              
                                                  
l.76 \end{enumerate}
                    
Try typing  <return>  to proceed.
If that doesn't work, type  X <return>  to quit.



[2]

/Users/b407404/Desktop/Misc/MSAI/Optimization/hw2/latex/hw02_handout.tex:87: LaTeX Error: Something's wrong--perhaps a missing \item.

See the LaTeX manual or LaTeX Companion for explanation.
Type  H <return>  for immediate help.
 ...                                              
                                                  
l.87 \item G
            iven $A \in \mathbb{R}^{m\times n}, b \in \mathbb{R}^m$, minimize
Try typing  <return>  to proceed.
If that doesn't work, type  X <return>  to quit.


/Users/b407404/Desktop/Misc/MSAI/Optimization/hw2/latex/hw02_handout.tex:87: LaTeX Error: Something's wrong--perhaps a missing \item.

See the LaTeX manual or LaTeX Companion for explanation.
Type  H <return>  for immediate help.
 ...                                              
                                                  
l.87 \item G
            iven $A \in \mathbb{R}^{m\times n}, b \in \mathbb{R}^m$, minimize
Try typing  <return>  to proceed.
If that doesn't work, type  X <return>  to quit.


/Users/b407404/Desktop/Misc/MSAI/Optimization/hw2/latex/hw02_handout.tex:87: LaTeX Error: Something's wrong--perhaps a missing \item.

See the LaTeX manual or LaTeX Companion for explanation.
Type  H <return>  for immediate help.
 ...                                              
                                                  
l.87 \item G
            iven $A \in \mathbb{R}^{m\times n}, b \in \mathbb{R}^m$, minimize
Try typing  <return>  to proceed.
If that doesn't work, type  X <return>  to quit.


/Users/b407404/Desktop/Misc/MSAI/Optimization/hw2/latex/hw02_handout.tex:90: LaTeX Error: Something's wrong--perhaps a missing \item.

See the LaTeX manual or LaTeX Companion for explanation.
Type  H <return>  for immediate help.
 ...                                              
                                                  
l.90 \item (
            Optional) Given $p+1$ matrices $A_0, A_1, \ldots, A_p \in \mathb...
Try typing  <return>  to proceed.
If that doesn't work, type  X <return>  to quit.


/Users/b407404/Desktop/Misc/MSAI/Optimization/hw2/latex/hw02_handout.tex:90: LaTeX Error: Something's wrong--perhaps a missing \item.

See the LaTeX manual or LaTeX Companion for explanation.
Type  H <return>  for immediate help.
 ...                                              
                                                  
l.90 \item (
            Optional) Given $p+1$ matrices $A_0, A_1, \ldots, A_p \in \mathb...
Try typing  <return>  to proceed.
If that doesn't work, type  X <return>  to quit.


/Users/b407404/Desktop/Misc/MSAI/Optimization/hw2/latex/hw02_handout.tex:90: LaTeX Error: Something's wrong--perhaps a missing \item.

See the LaTeX manual or LaTeX Companion for explanation.
Type  H <return>  for immediate help.
 ...                                              
                                                  
l.90 \item (
            Optional) Given $p+1$ matrices $A_0, A_1, \ldots, A_p \in \mathb...
Try typing  <return>  to proceed.
If that doesn't work, type  X <return>  to quit.


/Users/b407404/Desktop/Misc/MSAI/Optimization/hw2/latex/hw02_handout.tex:92: LaTeX Error: Something's wrong--perhaps a missing \item.

See the LaTeX manual or LaTeX Companion for explanation.
Type  H <return>  for immediate help.
 ...                                              
                                                  
l.92 \end{enumerate}
                    
Try typing  <return>  to proceed.
If that doesn't work, type  X <return>  to quit.


/Users/b407404/Desktop/Misc/MSAI/Optimization/hw2/latex/hw02_handout.tex:111: LaTeX Error: Something's wrong--perhaps a missing \item.

See the LaTeX manual or LaTeX Companion for explanation.
Type  H <return>  for immediate help.
 ...                                              
                                                  
l.111 \begin
            {align*}
Try typing  <return>  to proceed.
If that doesn't work, type  X <return>  to quit.


/Users/b407404/Desktop/Misc/MSAI/Optimization/hw2/latex/hw02_handout.tex:111: LaTeX Error: Something's wrong--perhaps a missing \item.

See the LaTeX manual or LaTeX Companion for explanation.
Type  H <return>  for immediate help.
 ...                                              
                                                  
l.111 \begin
            {align*}
Try typing  <return>  to proceed.
If that doesn't work, type  X <return>  to quit.


/Users/b407404/Desktop/Misc/MSAI/Optimization/hw2/latex/hw02_handout.tex:111: LaTeX Error: Something's wrong--perhaps a missing \item.

See the LaTeX manual or LaTeX Companion for explanation.
Type  H <return>  for immediate help.
 ...                                              
                                                  
l.111 \begin
            {align*}
Try typing  <return>  to proceed.
If that doesn't work, type  X <return>  to quit.


/Users/b407404/Desktop/Misc/MSAI/Optimization/hw2/latex/hw02_handout.tex:118: LaTeX Error: Something's wrong--perhaps a missing \item.

See the LaTeX manual or LaTeX Companion for explanation.
Type  H <return>  for immediate help.
 ...                                              
                                                  
l.118 \begin
            {align*}
Try typing  <return>  to proceed.
If that doesn't work, type  X <return>  to quit.


/Users/b407404/Desktop/Misc/MSAI/Optimization/hw2/latex/hw02_handout.tex:118: LaTeX Error: Something's wrong--perhaps a missing \item.

See the LaTeX manual or LaTeX Companion for explanation.
Type  H <return>  for immediate help.
 ...                                              
                                                  
l.118 \begin
            {align*}
Try typing  <return>  to proceed.
If that doesn't work, type  X <return>  to quit.


/Users/b407404/Desktop/Misc/MSAI/Optimization/hw2/latex/hw02_handout.tex:118: LaTeX Error: Something's wrong--perhaps a missing \item.

See the LaTeX manual or LaTeX Companion for explanation.
Type  H <return>  for immediate help.
 ...                                              
                                                  
l.118 \begin
            {align*}
Try typing  <return>  to proceed.
If that doesn't work, type  X <return>  to quit.


/Users/b407404/Desktop/Misc/MSAI/Optimization/hw2/latex/hw02_handout.tex:125: LaTeX Error: Something's wrong--perhaps a missing \item.

See the LaTeX manual or LaTeX Companion for explanation.
Type  H <return>  for immediate help.
 ...                                              
                                                  
l.125 \begin
            {align*}
Try typing  <return>  to proceed.
If that doesn't work, type  X <return>  to quit.


/Users/b407404/Desktop/Misc/MSAI/Optimization/hw2/latex/hw02_handout.tex:125: LaTeX Error: Something's wrong--perhaps a missing \item.

See the LaTeX manual or LaTeX Companion for explanation.
Type  H <return>  for immediate help.
 ...                                              
                                                  
l.125 \begin
            {align*}
Try typing  <return>  to proceed.
If that doesn't work, type  X <return>  to quit.


/Users/b407404/Desktop/Misc/MSAI/Optimization/hw2/latex/hw02_handout.tex:125: LaTeX Error: Something's wrong--perhaps a missing \item.

See the LaTeX manual or LaTeX Companion for explanation.
Type  H <return>  for immediate help.
 ...                                              
                                                  
l.125 \begin
            {align*}
Try typing  <return>  to proceed.
If that doesn't work, type  X <return>  to quit.



[3]

/Users/b407404/Desktop/Misc/MSAI/Optimization/hw2/latex/hw02_handout.tex:132: LaTeX Error: Something's wrong--perhaps a missing \item.

See the LaTeX manual or LaTeX Companion for explanation.
Type  H <return>  for immediate help.
 ...                                              
                                                  
l.132 \begin
            {align*}
Try typing  <return>  to proceed.
If that doesn't work, type  X <return>  to quit.


/Users/b407404/Desktop/Misc/MSAI/Optimization/hw2/latex/hw02_handout.tex:132: LaTeX Error: Something's wrong--perhaps a missing \item.

See the LaTeX manual or LaTeX Companion for explanation.
Type  H <return>  for immediate help.
 ...                                              
                                                  
l.132 \begin
            {align*}
Try typing  <return>  to proceed.
If that doesn't work, type  X <return>  to quit.


/Users/b407404/Desktop/Misc/MSAI/Optimization/hw2/latex/hw02_handout.tex:132: LaTeX Error: Something's wrong--perhaps a missing \item.

See the LaTeX manual or LaTeX Companion for explanation.
Type  H <return>  for immediate help.
 ...                                              
                                                  
l.132 \begin
            {align*}
Try typing  <return>  to proceed.
If that doesn't work, type  X <return>  to quit.


/Users/b407404/Desktop/Misc/MSAI/Optimization/hw2/latex/hw02_handout.tex:139: LaTeX Error: Something's wrong--perhaps a missing \item.

See the LaTeX manual or LaTeX Companion for explanation.
Type  H <return>  for immediate help.
 ...                                              
                                                  
l.139 \begin
            {align*}
Try typing  <return>  to proceed.
If that doesn't work, type  X <return>  to quit.


/Users/b407404/Desktop/Misc/MSAI/Optimization/hw2/latex/hw02_handout.tex:139: LaTeX Error: Something's wrong--perhaps a missing \item.

See the LaTeX manual or LaTeX Companion for explanation.
Type  H <return>  for immediate help.
 ...                                              
                                                  
l.139 \begin
            {align*}
Try typing  <return>  to proceed.
If that doesn't work, type  X <return>  to quit.


/Users/b407404/Desktop/Misc/MSAI/Optimization/hw2/latex/hw02_handout.tex:139: LaTeX Error: Something's wrong--perhaps a missing \item.

See the LaTeX manual or LaTeX Companion for explanation.
Type  H <return>  for immediate help.
 ...                                              
                                                  
l.139 \begin
            {align*}
Try typing  <return>  to proceed.
If that doesn't work, type  X <return>  to quit.


/Users/b407404/Desktop/Misc/MSAI/Optimization/hw2/latex/hw02_handout.tex:146: LaTeX Error: Something's wrong--perhaps a missing \item.

See the LaTeX manual or LaTeX Companion for explanation.
Type  H <return>  for immediate help.
 ...                                              
                                                  
l.146 \begin
            {align*}
Try typing  <return>  to proceed.
If that doesn't work, type  X <return>  to quit.


/Users/b407404/Desktop/Misc/MSAI/Optimization/hw2/latex/hw02_handout.tex:146: LaTeX Error: Something's wrong--perhaps a missing \item.

See the LaTeX manual or LaTeX Companion for explanation.
Type  H <return>  for immediate help.
 ...                                              
                                                  
l.146 \begin
            {align*}
Try typing  <return>  to proceed.
If that doesn't work, type  X <return>  to quit.


/Users/b407404/Desktop/Misc/MSAI/Optimization/hw2/latex/hw02_handout.tex:146: LaTeX Error: Something's wrong--perhaps a missing \item.

See the LaTeX manual or LaTeX Companion for explanation.
Type  H <return>  for immediate help.
 ...                                              
                                                  
l.146 \begin
            {align*}
Try typing  <return>  to proceed.
If that doesn't work, type  X <return>  to quit.


/Users/b407404/Desktop/Misc/MSAI/Optimization/hw2/latex/hw02_handout.tex:153: LaTeX Error: Something's wrong--perhaps a missing \item.

See the LaTeX manual or LaTeX Companion for explanation.
Type  H <return>  for immediate help.
 ...                                              
                                                  
l.153 \begin
            {align*}
Try typing  <return>  to proceed.
If that doesn't work, type  X <return>  to quit.


/Users/b407404/Desktop/Misc/MSAI/Optimization/hw2/latex/hw02_handout.tex:153: LaTeX Error: Something's wrong--perhaps a missing \item.

See the LaTeX manual or LaTeX Companion for explanation.
Type  H <return>  for immediate help.
 ...                                              
                                                  
l.153 \begin
            {align*}
Try typing  <return>  to proceed.
If that doesn't work, type  X <return>  to quit.


/Users/b407404/Desktop/Misc/MSAI/Optimization/hw2/latex/hw02_handout.tex:153: LaTeX Error: Something's wrong--perhaps a missing \item.

See the LaTeX manual or LaTeX Companion for explanation.
Type  H <return>  for immediate help.
 ...                                              
                                                  
l.153 \begin
            {align*}
Try typing  <return>  to proceed.
If that doesn't work, type  X <return>  to quit.


/Users/b407404/Desktop/Misc/MSAI/Optimization/hw2/latex/hw02_handout.tex:160: LaTeX Error: Something's wrong--perhaps a missing \item.

See the LaTeX manual or LaTeX Companion for explanation.
Type  H <return>  for immediate help.
 ...                                              
                                                  
l.160 \begin
            {align*}
Try typing  <return>  to proceed.
If that doesn't work, type  X <return>  to quit.


/Users/b407404/Desktop/Misc/MSAI/Optimization/hw2/latex/hw02_handout.tex:160: LaTeX Error: Something's wrong--perhaps a missing \item.

See the LaTeX manual or LaTeX Companion for explanation.
Type  H <return>  for immediate help.
 ...                                              
                                                  
l.160 \begin
            {align*}
Try typing  <return>  to proceed.
If that doesn't work, type  X <return>  to quit.


/Users/b407404/Desktop/Misc/MSAI/Optimization/hw2/latex/hw02_handout.tex:160: LaTeX Error: Something's wrong--perhaps a missing \item.

See the LaTeX manual or LaTeX Companion for explanation.
Type  H <return>  for immediate help.
 ...                                              
                                                  
l.160 \begin
            {align*}
Try typing  <return>  to proceed.
If that doesn't work, type  X <return>  to quit.


/Users/b407404/Desktop/Misc/MSAI/Optimization/hw2/latex/hw02_handout.tex:167: LaTeX Error: Something's wrong--perhaps a missing \item.

See the LaTeX manual or LaTeX Companion for explanation.
Type  H <return>  for immediate help.
 ...                                              
                                                  
l.167 \begin
            {align*}
Try typing  <return>  to proceed.
If that doesn't work, type  X <return>  to quit.


/Users/b407404/Desktop/Misc/MSAI/Optimization/hw2/latex/hw02_handout.tex:167: LaTeX Error: Something's wrong--perhaps a missing \item.

See the LaTeX manual or LaTeX Companion for explanation.
Type  H <return>  for immediate help.
 ...                                              
                                                  
l.167 \begin
            {align*}
Try typing  <return>  to proceed.
If that doesn't work, type  X <return>  to quit.


/Users/b407404/Desktop/Misc/MSAI/Optimization/hw2/latex/hw02_handout.tex:167: LaTeX Error: Something's wrong--perhaps a missing \item.

See the LaTeX manual or LaTeX Companion for explanation.
Type  H <return>  for immediate help.
 ...                                              
                                                  
l.167 \begin
            {align*}
Try typing  <return>  to proceed.
If that doesn't work, type  X <return>  to quit.


/Users/b407404/Desktop/Misc/MSAI/Optimization/hw2/latex/hw02_handout.tex:174: LaTeX Error: Something's wrong--perhaps a missing \item.

See the LaTeX manual or LaTeX Companion for explanation.
Type  H <return>  for immediate help.
 ...                                              
                                                  
l.174 \begin
            {align*}
Try typing  <return>  to proceed.
If that doesn't work, type  X <return>  to quit.


/Users/b407404/Desktop/Misc/MSAI/Optimization/hw2/latex/hw02_handout.tex:174: LaTeX Error: Something's wrong--perhaps a missing \item.

See the LaTeX manual or LaTeX Companion for explanation.
Type  H <return>  for immediate help.
 ...                                              
                                                  
l.174 \begin
            {align*}
Try typing  <return>  to proceed.
If that doesn't work, type  X <return>  to quit.


/Users/b407404/Desktop/Misc/MSAI/Optimization/hw2/latex/hw02_handout.tex:174: LaTeX Error: Something's wrong--perhaps a missing \item.

See the LaTeX manual or LaTeX Companion for explanation.
Type  H <return>  for immediate help.
 ...                                              
                                                  
l.174 \begin
            {align*}
Try typing  <return>  to proceed.
If that doesn't work, type  X <return>  to quit.


/Users/b407404/Desktop/Misc/MSAI/Optimization/hw2/latex/hw02_handout.tex:181: LaTeX Error: Something's wrong--perhaps a missing \item.

See the LaTeX manual or LaTeX Companion for explanation.
Type  H <return>  for immediate help.
 ...                                              
                                                  
l.181 \begin
            {align*}
Try typing  <return>  to proceed.
If that doesn't work, type  X <return>  to quit.


/Users/b407404/Desktop/Misc/MSAI/Optimization/hw2/latex/hw02_handout.tex:181: LaTeX Error: Something's wrong--perhaps a missing \item.

See the LaTeX manual or LaTeX Companion for explanation.
Type  H <return>  for immediate help.
 ...                                              
                                                  
l.181 \begin
            {align*}
Try typing  <return>  to proceed.
If that doesn't work, type  X <return>  to quit.


/Users/b407404/Desktop/Misc/MSAI/Optimization/hw2/latex/hw02_handout.tex:181: LaTeX Error: Something's wrong--perhaps a missing \item.

See the LaTeX manual or LaTeX Companion for explanation.
Type  H <return>  for immediate help.
 ...                                              
                                                  
l.181 \begin
            {align*}
Try typing  <return>  to proceed.
If that doesn't work, type  X <return>  to quit.


/Users/b407404/Desktop/Misc/MSAI/Optimization/hw2/latex/hw02_handout.tex:186: LaTeX Error: Something's wrong--perhaps a missing \item.

See the LaTeX manual or LaTeX Companion for explanation.
Type  H <return>  for immediate help.
 ...                                              
                                                  
l.186 \end{enumerate}
                     
Try typing  <return>  to proceed.
If that doesn't work, type  X <return>  to quit.



[4] (./hw02_handout.aux)
 ***********
LaTeX2e <2024-06-01> patch level 2
L3 programming layer <2024-08-16>
 ***********
 ) 
Here is how much of TeX's memory you used:
 1711 strings out of 475030
 24468 string characters out of 5762436
 1941957 words of memory out of 5000000
 24431 multiletter control sequences out of 15000+600000
 565317 words of font info for 65 fonts, out of 8000000 for 9000
 319 hyphenation exceptions out of 8191
 56i,10n,65p,615b,223s stack positions out of 10000i,1000n,20000p,200000b,200000s
</usr/local/texlive/2024basic/texmf-dist/fonts/type1/public/amsfonts/cm/cmbx12.pfb></usr/local/texlive/2024basic/texmf-dist/fonts/type1/public/amsfonts/cm/cmex10.pfb></usr/local/texlive/2024basic/texmf-dist/fonts/type1/public/amsfonts/cm/cmmi10.pfb></usr/local/texlive/2024basic/texmf-dist/fonts/type1/public/amsfonts/cm/cmmi7.pfb></usr/local/texlive/2024basic/texmf-dist/fonts/type1/public/amsfonts/cm/cmr10.pfb></usr/local/texlive/2024basic/texmf-dist/fonts/type1/public/amsfonts/cm/cmr12.pfb></usr/local/texlive/2024basic/texmf-dist/fonts/type1/public/amsfonts/cm/cmr17.pfb></usr/local/texlive/2024basic/texmf-dist/fonts/type1/public/amsfonts/cm/cmr5.pfb></usr/local/texlive/2024basic/texmf-dist/fonts/type1/public/amsfonts/cm/cmr7.pfb></usr/local/texlive/2024basic/texmf-dist/fonts/type1/public/amsfonts/cm/cmsy10.pfb></usr/local/texlive/2024basic/texmf-dist/fonts/type1/public/amsfonts/cm/cmsy7.pfb></usr/local/texlive/2024basic/texmf-dist/fonts/type1/public/amsfonts/symbols/msbm10.pfb>
Output written on hw02_handout.pdf (4 pages, 138210 bytes).
PDF statistics:
 77 PDF objects out of 1000 (max. 8388607)
 46 compressed objects within 1 object stream
 0 named destinations out of 1000 (max. 500000)
 1 words of extra memory for PDF output out of 10000 (max. 10000000)

